elapsed time [days] about 0.0
elapsed time [days] about 0.0
elapsed time [days] about 0.0
u layer 1 min max -0.012163763104843005 1.5444628106598501
u layer 2 min max 1.5220021970304016e-05 1.1132210662000614
u layer 3 min max -0.009411599401921962 0.3364312720186857
elapsed time [days] about 0.0
u layer 1 min max -6.036982535826112e-05 5.9185533715025285
u layer 2 min max -1.6249531064890255e-05 4.325771055558562
u layer 3 min max 4.1759187450352594e-05 1.0988933174513442
elapsed time [days] about 0.0
u layer 1 min max 0.00010496376795804432 12.20755986762665
u layer 2 min max 0.00015534712596610906 8.829897674666624
u layer 3 min max 0.00017964150922836493 1.821983885787163
elapsed time [days] about 0.0
u layer 1 min max 0.0004936902515682793 18.990610878233582
u layer 2 min max 0.0004576353636032804 13.601352799141509
u layer 3 min max 0.00042398998709675773 2.492509819776517
elapsed time [days] about 0.0
u layer 1 min max -0.012163763104843005 1.5444628106598501
u layer 2 min max 1.5220021970304016e-05 1.1132210662000614
u layer 3 min max -0.009411599401921962 0.3364312720186857
elapsed time [days] about 0.0
u layer 1 min max -6.036982535826112e-05 5.9185533715025285
u layer 2 min max -1.6249531064890255e-05 4.325771055558562
u layer 3 min max 4.1759187450352594e-05 1.0988933174513442
elapsed time [days] about 0.0
u layer 1 min max 0.0001049637679588933 12.20755986762665
u layer 2 min max 0.00015534712596562507 8.829897674666622
u layer 3 min max 0.00017964150922834574 1.821983885787164
elapsed time [days] about 0.0
wall-clock time [hours] about 0.0
u layer 1 min max -0.012163763104843005 1.5444628106598501
u layer 2 min max 1.5220021970304016e-05 1.1132210662000614
u layer 3 min max -0.009411599401921962 0.3364312720186857
elapsed time [days] about 0.0
wall-clock time [hours] about 0.0
u layer 1 min max -6.036982535826112e-05 5.9185533715025285
u layer 2 min max -1.6249531064890255e-05 4.325771055558562
u layer 3 min max 4.1759187450352594e-05 1.0988933174513442
elapsed time [days] about 0.0
wall-clock time [hours] about 0.0
u layer 1 min max 0.0001049637679588933 12.20755986762665
u layer 2 min max 0.00015534712596562507 8.829897674666622
u layer 3 min max 0.00017964150922834574 1.821983885787164
elapsed time [days] about 0.0
wall-clock time [hours] about 0.0
u layer 1 min max 0.0004936902515682566 18.990610878233557
u layer 2 min max 0.000457635363600956 13.601352799141505
u layer 3 min max 0.00042398998709669333 2.4925098197765148
elapsed time [days] about 0.0
wall-clock time [hours] about 0.0
u layer 1 min max 0.0009793253865855592 24.74835599607334
u layer 2 min max 0.0008895611684711432 17.59897002013084
u layer 3 min max 0.0007740596511313205 3.2702443580402605
elapsed time [days] about 0.0
wall-clock time [hours] about 0.0
u layer 1 min max 0.0015841453525545792 28.415202036213596
u layer 2 min max 0.001390009640789181 20.05568931585388
u layer 3 min max -1.23504374856923 3.4168529780981505
elapsed time [days] about 0.0
wall-clock time [hours] about 0.0
u layer 1 min max 0.002101993924665824 29.44764521766816
u layer 2 min max 0.001803531749166827 20.711890628693016
u layer 3 min max -3.6458856892540483 2.686891756461892
elapsed time [days] about 0.0
wall-clock time [hours] about 0.0
u layer 1 min max 0.0023703631691790864 28.31079204620005
u layer 2 min max 0.0020835890844116654 20.045586708162176
u layer 3 min max -6.0639143047079065 2.1645268093941628
